   1               		.file	"main.c"
   2               	__SREG__ = 0x3f
   3               	__SP_H__ = 0x3e
   4               	__SP_L__ = 0x3d
   5               	__CCP__  = 0x34
   6               	__tmp_reg__ = 0
   7               	__zero_reg__ = 1
  15               	.Ltext0:
  16               	.global	main
  18               	main:
  19               	.LFB6:
  20               	.LM1:
  21               	/* prologue: function */
  22               	/* frame size = 0 */
  23               	.LM2:
  24 0000 8FEF      		ldi r24,lo8(-1)
  25 0002 84BB      		out 52-32,r24
  26               	.L2:
  27               	.LBB2:
  28               	.LM3:
  29 0004 80E0      		ldi r24,lo8(0)
  30 0006 90E0      		ldi r25,hi8(0)
  31 0008 0E94 0000 		call adc_read
  32 000c BC01      		movw r22,r24
  33               	.LVL0:
  34               	.LM4:
  35 000e 85E3      		ldi r24,lo8(53)
  36 0010 90E0      		ldi r25,hi8(53)
  37 0012 0E94 0000 		call Seven_segment
  38               	.LVL1:
  39 0016 00C0      		rjmp .L2
  40               	.LBE2:
  41               	.LFE6:
  67               	.Letext0:
DEFINED SYMBOLS
                            *ABS*:00000000 main.c
C:\Users\AB47\AppData\Local\Temp/ccdR0sd0.s:2      *ABS*:0000003f __SREG__
C:\Users\AB47\AppData\Local\Temp/ccdR0sd0.s:3      *ABS*:0000003e __SP_H__
C:\Users\AB47\AppData\Local\Temp/ccdR0sd0.s:4      *ABS*:0000003d __SP_L__
C:\Users\AB47\AppData\Local\Temp/ccdR0sd0.s:5      *ABS*:00000034 __CCP__
C:\Users\AB47\AppData\Local\Temp/ccdR0sd0.s:6      *ABS*:00000000 __tmp_reg__
C:\Users\AB47\AppData\Local\Temp/ccdR0sd0.s:7      *ABS*:00000001 __zero_reg__
C:\Users\AB47\AppData\Local\Temp/ccdR0sd0.s:18     .text:00000000 main

UNDEFINED SYMBOLS
adc_read
Seven_segment
